[2018-08-21 00:49:24] local.ERROR: exception 'Symfony\Component\Debug\Exception\FatalErrorException' with message 'syntax error, unexpected ';'' in C:\xampp\htdocs\shophome\app\Http\Controllers\HomeController.php:416
Stack trace:
#0 {main}  
[2018-08-21 17:55:35] local.ERROR: exception 'ErrorException' with message 'Use of undefined constant REQUEST_URI - assumed 'REQUEST_URI'' in C:\xampp\htdocs\shophome\app\Http\Controllers\HomeController.php:102
Stack trace:
#0 C:\xampp\htdocs\shophome\app\Http\Controllers\HomeController.php(102): Illuminate\Foundation\Bootstrap\HandleExceptions->handleError(8, 'Use of undefine...', 'C:\\xampp\\htdocs...', 102, Array)
#1 [internal function]: App\Http\Controllers\HomeController->index('nothing-to-do-w...', '1', 'item', 'bar-stools')
#2 C:\xampp\htdocs\shophome\vendor\compiled.php(8287): call_user_func_array(Array, Array)
#3 C:\xampp\htdocs\shophome\vendor\compiled.php(8354): Illuminate\Routing\Controller->callAction('index', Array)
#4 C:\xampp\htdocs\shophome\vendor\compiled.php(8333): Illuminate\Routing\ControllerDispatcher->call(Object(App\Http\Controllers\HomeController), Object(Illuminate\Routing\Route), 'index')
#5 [internal function]: Illuminate\Routing\ControllerDispatcher->Illuminate\Routing\{closure}(Object(Illuminate\Http\Request))
#6 C:\xampp\htdocs\shophome\vendor\compiled.php(8952): call_user_func(Object(Closure), Object(Illuminate\Http\Request))
#7 [internal function]: Illuminate\Pipeline\Pipeline->Illuminate\Pipeline\{closure}(Object(Illuminate\Http\Request))
#8 C:\xampp\htdocs\shophome\vendor\compiled.php(8935): call_user_func(Object(Closure), Object(Illuminate\Http\Request))
#9 C:\xampp\htdocs\shophome\vendor\compiled.php(8334): Illuminate\Pipeline\Pipeline->then(Object(Closure))
#10 C:\xampp\htdocs\shophome\vendor\compiled.php(8320): Illuminate\Routing\ControllerDispatcher->callWithinStack(Object(App\Http\Controllers\HomeController), Object(Illuminate\Routing\Route), Object(Illuminate\Http\Request), 'index')
#11 C:\xampp\htdocs\shophome\vendor\compiled.php(7317): Illuminate\Routing\ControllerDispatcher->dispatch(Object(Illuminate\Routing\Route), Object(Illuminate\Http\Request), 'App\\Http\\Contro...', 'index')
#12 C:\xampp\htdocs\shophome\vendor\compiled.php(7288): Illuminate\Routing\Route->runWithCustomDispatcher(Object(Illuminate\Http\Request))
#13 C:\xampp\htdocs\shophome\vendor\compiled.php(6954): Illuminate\Routing\Route->run(Object(Illuminate\Http\Request))
#14 [internal function]: Illuminate\Routing\Router->Illuminate\Routing\{closure}(Object(Illuminate\Http\Request))
#15 C:\xampp\htdocs\shophome\vendor\compiled.php(8952): call_user_func(Object(Closure), Object(Illuminate\Http\Request))
#16 [internal function]: Illuminate\Pipeline\Pipeline->Illuminate\Pipeline\{closure}(Object(Illuminate\Http\Request))
#17 C:\xampp\htdocs\shophome\vendor\compiled.php(8935): call_user_func(Object(Closure), Object(Illuminate\Http\Request))
#18 C:\xampp\htdocs\shophome\vendor\compiled.php(6955): Illuminate\Pipeline\Pipeline->then(Object(Closure))
#19 C:\xampp\htdocs\shophome\vendor\compiled.php(6944): Illuminate\Routing\Router->runRouteWithinStack(Object(Illuminate\Routing\Route), Object(Illuminate\Http\Request))
#20 C:\xampp\htdocs\shophome\vendor\compiled.php(6929): Illuminate\Routing\Router->dispatchToRoute(Object(Illuminate\Http\Request))
#21 C:\xampp\htdocs\shophome\vendor\compiled.php(1935): Illuminate\Routing\Router->dispatch(Object(Illuminate\Http\Request))
#22 [internal function]: Illuminate\Foundation\Http\Kernel->Illuminate\Foundation\Http\{closure}(Object(Illuminate\Http\Request))
#23 C:\xampp\htdocs\shophome\vendor\compiled.php(8952): call_user_func(Object(Closure), Object(Illuminate\Http\Request))
#24 C:\xampp\htdocs\shophome\vendor\compiled.php(2438): Illuminate\Pipeline\Pipeline->Illuminate\Pipeline\{closure}(Object(Illuminate\Http\Request))
#25 C:\xampp\htdocs\shophome\app\Http\Middleware\VerifyCsrfToken.php(23): Illuminate\Foundation\Http\Middleware\VerifyCsrfToken->handle(Object(Illuminate\Http\Request), Object(Closure))
#26 C:\xampp\htdocs\shophome\vendor\compiled.php(8944): App\Http\Middleware\VerifyCsrfToken->handle(Object(Illuminate\Http\Request), Object(Closure))
#27 C:\xampp\htdocs\shophome\vendor\compiled.php(12083): Illuminate\Pipeline\Pipeline->Illuminate\Pipeline\{closure}(Object(Illuminate\Http\Request))
#28 C:\xampp\htdocs\shophome\vendor\compiled.php(8944): Illuminate\View\Middleware\ShareErrorsFromSession->handle(Object(Illuminate\Http\Request), Object(Closure))
#29 C:\xampp\htdocs\shophome\vendor\compiled.php(10785): Illuminate\Pipeline\Pipeline->Illuminate\Pipeline\{closure}(Object(Illuminate\Http\Request))
#30 C:\xampp\htdocs\shophome\vendor\compiled.php(8944): Illuminate\Session\Middleware\StartSession->handle(Object(Illuminate\Http\Request), Object(Closure))
#31 C:\xampp\htdocs\shophome\vendor\compiled.php(11789): Illuminate\Pipeline\Pipeline->Illuminate\Pipeline\{closure}(Object(Illuminate\Http\Request))
#32 C:\xampp\htdocs\shophome\vendor\compiled.php(8944): Illuminate\Cookie\Middleware\AddQueuedCookiesToResponse->handle(Object(Illuminate\Http\Request), Object(Closure))
#33 C:\xampp\htdocs\shophome\vendor\compiled.php(11738): Illuminate\Pipeline\Pipeline->Illuminate\Pipeline\{closure}(Object(Illuminate\Http\Request))
#34 C:\xampp\htdocs\shophome\vendor\compiled.php(8944): Illuminate\Cookie\Middleware\EncryptCookies->handle(Object(Illuminate\Http\Request), Object(Closure))
#35 C:\xampp\htdocs\shophome\vendor\compiled.php(2478): Illuminate\Pipeline\Pipeline->Illuminate\Pipeline\{closure}(Object(Illuminate\Http\Request))
#36 C:\xampp\htdocs\shophome\vendor\compiled.php(8944): Illuminate\Foundation\Http\Middleware\CheckForMaintenanceMode->handle(Object(Illuminate\Http\Request), Object(Closure))
#37 [internal function]: Illuminate\Pipeline\Pipeline->Illuminate\Pipeline\{closure}(Object(Illuminate\Http\Request))
#38 C:\xampp\htdocs\shophome\vendor\compiled.php(8935): call_user_func(Object(Closure), Object(Illuminate\Http\Request))
#39 C:\xampp\htdocs\shophome\vendor\compiled.php(1891): Illuminate\Pipeline\Pipeline->then(Object(Closure))
#40 C:\xampp\htdocs\shophome\vendor\compiled.php(1880): Illuminate\Foundation\Http\Kernel->sendRequestThroughRouter(Object(Illuminate\Http\Request))
#41 C:\xampp\htdocs\shophome\index.php(60): Illuminate\Foundation\Http\Kernel->handle(Object(Illuminate\Http\Request))
#42 {main}  
[2018-08-21 18:19:58] local.ERROR: exception 'ErrorException' with message 'Undefined variable: sort_order' in C:\xampp\htdocs\shophome\app\Http\Controllers\HomeController.php:705
Stack trace:
#0 C:\xampp\htdocs\shophome\app\Http\Controllers\HomeController.php(705): Illuminate\Foundation\Bootstrap\HandleExceptions->handleError(8, 'Undefined varia...', 'C:\\xampp\\htdocs...', 705, Array)
#1 [internal function]: App\Http\Controllers\HomeController->fix('nothing-to-do-w...', '1', 'item', 'bar-stools')
#2 C:\xampp\htdocs\shophome\vendor\compiled.php(8287): call_user_func_array(Array, Array)
#3 C:\xampp\htdocs\shophome\vendor\compiled.php(8354): Illuminate\Routing\Controller->callAction('fix', Array)
#4 C:\xampp\htdocs\shophome\vendor\compiled.php(8333): Illuminate\Routing\ControllerDispatcher->call(Object(App\Http\Controllers\HomeController), Object(Illuminate\Routing\Route), 'fix')
#5 [internal function]: Illuminate\Routing\ControllerDispatcher->Illuminate\Routing\{closure}(Object(Illuminate\Http\Request))
#6 C:\xampp\htdocs\shophome\vendor\compiled.php(8952): call_user_func(Object(Closure), Object(Illuminate\Http\Request))
#7 [internal function]: Illuminate\Pipeline\Pipeline->Illuminate\Pipeline\{closure}(Object(Illuminate\Http\Request))
#8 C:\xampp\htdocs\shophome\vendor\compiled.php(8935): call_user_func(Object(Closure), Object(Illuminate\Http\Request))
#9 C:\xampp\htdocs\shophome\vendor\compiled.php(8334): Illuminate\Pipeline\Pipeline->then(Object(Closure))
#10 C:\xampp\htdocs\shophome\vendor\compiled.php(8320): Illuminate\Routing\ControllerDispatcher->callWithinStack(Object(App\Http\Controllers\HomeController), Object(Illuminate\Routing\Route), Object(Illuminate\Http\Request), 'fix')
#11 C:\xampp\htdocs\shophome\vendor\compiled.php(7317): Illuminate\Routing\ControllerDispatcher->dispatch(Object(Illuminate\Routing\Route), Object(Illuminate\Http\Request), 'App\\Http\\Contro...', 'fix')
#12 C:\xampp\htdocs\shophome\vendor\compiled.php(7288): Illuminate\Routing\Route->runWithCustomDispatcher(Object(Illuminate\Http\Request))
#13 C:\xampp\htdocs\shophome\vendor\compiled.php(6954): Illuminate\Routing\Route->run(Object(Illuminate\Http\Request))
#14 [internal function]: Illuminate\Routing\Router->Illuminate\Routing\{closure}(Object(Illuminate\Http\Request))
#15 C:\xampp\htdocs\shophome\vendor\compiled.php(8952): call_user_func(Object(Closure), Object(Illuminate\Http\Request))
#16 [internal function]: Illuminate\Pipeline\Pipeline->Illuminate\Pipeline\{closure}(Object(Illuminate\Http\Request))
#17 C:\xampp\htdocs\shophome\vendor\compiled.php(8935): call_user_func(Object(Closure), Object(Illuminate\Http\Request))
#18 C:\xampp\htdocs\shophome\vendor\compiled.php(6955): Illuminate\Pipeline\Pipeline->then(Object(Closure))
#19 C:\xampp\htdocs\shophome\vendor\compiled.php(6944): Illuminate\Routing\Router->runRouteWithinStack(Object(Illuminate\Routing\Route), Object(Illuminate\Http\Request))
#20 C:\xampp\htdocs\shophome\vendor\compiled.php(6929): Illuminate\Routing\Router->dispatchToRoute(Object(Illuminate\Http\Request))
#21 C:\xampp\htdocs\shophome\vendor\compiled.php(1935): Illuminate\Routing\Router->dispatch(Object(Illuminate\Http\Request))
#22 [internal function]: Illuminate\Foundation\Http\Kernel->Illuminate\Foundation\Http\{closure}(Object(Illuminate\Http\Request))
#23 C:\xampp\htdocs\shophome\vendor\compiled.php(8952): call_user_func(Object(Closure), Object(Illuminate\Http\Request))
#24 C:\xampp\htdocs\shophome\vendor\compiled.php(2438): Illuminate\Pipeline\Pipeline->Illuminate\Pipeline\{closure}(Object(Illuminate\Http\Request))
#25 C:\xampp\htdocs\shophome\app\Http\Middleware\VerifyCsrfToken.php(23): Illuminate\Foundation\Http\Middleware\VerifyCsrfToken->handle(Object(Illuminate\Http\Request), Object(Closure))
#26 C:\xampp\htdocs\shophome\vendor\compiled.php(8944): App\Http\Middleware\VerifyCsrfToken->handle(Object(Illuminate\Http\Request), Object(Closure))
#27 C:\xampp\htdocs\shophome\vendor\compiled.php(12083): Illuminate\Pipeline\Pipeline->Illuminate\Pipeline\{closure}(Object(Illuminate\Http\Request))
#28 C:\xampp\htdocs\shophome\vendor\compiled.php(8944): Illuminate\View\Middleware\ShareErrorsFromSession->handle(Object(Illuminate\Http\Request), Object(Closure))
#29 C:\xampp\htdocs\shophome\vendor\compiled.php(10785): Illuminate\Pipeline\Pipeline->Illuminate\Pipeline\{closure}(Object(Illuminate\Http\Request))
#30 C:\xampp\htdocs\shophome\vendor\compiled.php(8944): Illuminate\Session\Middleware\StartSession->handle(Object(Illuminate\Http\Request), Object(Closure))
#31 C:\xampp\htdocs\shophome\vendor\compiled.php(11789): Illuminate\Pipeline\Pipeline->Illuminate\Pipeline\{closure}(Object(Illuminate\Http\Request))
#32 C:\xampp\htdocs\shophome\vendor\compiled.php(8944): Illuminate\Cookie\Middleware\AddQueuedCookiesToResponse->handle(Object(Illuminate\Http\Request), Object(Closure))
#33 C:\xampp\htdocs\shophome\vendor\compiled.php(11738): Illuminate\Pipeline\Pipeline->Illuminate\Pipeline\{closure}(Object(Illuminate\Http\Request))
#34 C:\xampp\htdocs\shophome\vendor\compiled.php(8944): Illuminate\Cookie\Middleware\EncryptCookies->handle(Object(Illuminate\Http\Request), Object(Closure))
#35 C:\xampp\htdocs\shophome\vendor\compiled.php(2478): Illuminate\Pipeline\Pipeline->Illuminate\Pipeline\{closure}(Object(Illuminate\Http\Request))
#36 C:\xampp\htdocs\shophome\vendor\compiled.php(8944): Illuminate\Foundation\Http\Middleware\CheckForMaintenanceMode->handle(Object(Illuminate\Http\Request), Object(Closure))
#37 [internal function]: Illuminate\Pipeline\Pipeline->Illuminate\Pipeline\{closure}(Object(Illuminate\Http\Request))
#38 C:\xampp\htdocs\shophome\vendor\compiled.php(8935): call_user_func(Object(Closure), Object(Illuminate\Http\Request))
#39 C:\xampp\htdocs\shophome\vendor\compiled.php(1891): Illuminate\Pipeline\Pipeline->then(Object(Closure))
#40 C:\xampp\htdocs\shophome\vendor\compiled.php(1880): Illuminate\Foundation\Http\Kernel->sendRequestThroughRouter(Object(Illuminate\Http\Request))
#41 C:\xampp\htdocs\shophome\index.php(60): Illuminate\Foundation\Http\Kernel->handle(Object(Illuminate\Http\Request))
#42 {main}  
[2018-08-21 18:21:02] local.ERROR: exception 'Symfony\Component\Debug\Exception\FatalErrorException' with message 'Maximum execution time of 30 seconds exceeded' in C:\xampp\htdocs\shophome\app\PopShops.php:68
Stack trace:
#0 {main}  
